C:\USERS\VATSALA\DESKTOP\YR2SEM2\CS2103\MAIN\JARVIS\JARVIS\DEBUG\LOGIC.OBJ
C:\USERS\VATSALA\DESKTOP\YR2SEM2\CS2103\MAIN\JARVIS\JARVIS\DEBUG\PARSER.OBJ
C:\USERS\VATSALA\DESKTOP\YR2SEM2\CS2103\MAIN\JARVIS\JARVIS\DEBUG\UI.OBJ
C:\USERS\VATSALA\DESKTOP\YR2SEM2\CS2103\MAIN\JARVIS\JARVIS\DEBUG\STORAGE.OBJ
C:\USERS\VATSALA\DESKTOP\YR2SEM2\CS2103\MAIN\JARVIS\JARVIS\DEBUG\VC110.PDB
C:\USERS\VATSALA\DESKTOP\YR2SEM2\CS2103\MAIN\JARVIS\JARVIS\DEBUG\TASK.OBJ
C:\Users\vatsala\Desktop\Yr2Sem2\CS2103\main\Jarvis\Jarvis\Debug\parser.obj
C:\Users\vatsala\Desktop\Yr2Sem2\CS2103\main\Jarvis\Jarvis\Debug\Storage.obj
C:\Users\vatsala\Desktop\Yr2Sem2\CS2103\main\Jarvis\Jarvis\Debug\Task.obj
C:\Users\vatsala\Desktop\Yr2Sem2\CS2103\main\Jarvis\Jarvis\Debug\cl.command.1.tlog
C:\Users\vatsala\Desktop\Yr2Sem2\CS2103\main\Jarvis\Jarvis\Debug\CL.read.1.tlog
C:\Users\vatsala\Desktop\Yr2Sem2\CS2103\main\Jarvis\Jarvis\Debug\CL.write.1.tlog
C:\Users\vatsala\Desktop\Yr2Sem2\CS2103\main\Jarvis\Jarvis\Debug\link-cvtres.read.1.tlog
C:\Users\vatsala\Desktop\Yr2Sem2\CS2103\main\Jarvis\Jarvis\Debug\link-cvtres.write.1.tlog
C:\Users\vatsala\Desktop\Yr2Sem2\CS2103\main\Jarvis\Jarvis\Debug\link-rc.read.1.tlog
C:\Users\vatsala\Desktop\Yr2Sem2\CS2103\main\Jarvis\Jarvis\Debug\link-rc.write.1.tlog
C:\Users\vatsala\Desktop\Yr2Sem2\CS2103\main\Jarvis\Jarvis\Debug\link.26756-cvtres.read.1.tlog
C:\Users\vatsala\Desktop\Yr2Sem2\CS2103\main\Jarvis\Jarvis\Debug\link.26756-cvtres.write.1.tlog
C:\Users\vatsala\Desktop\Yr2Sem2\CS2103\main\Jarvis\Jarvis\Debug\link.26756-rc.read.1.tlog
C:\Users\vatsala\Desktop\Yr2Sem2\CS2103\main\Jarvis\Jarvis\Debug\link.26756-rc.write.1.tlog
C:\Users\vatsala\Desktop\Yr2Sem2\CS2103\main\Jarvis\Jarvis\Debug\link.26756.read.1.tlog
C:\Users\vatsala\Desktop\Yr2Sem2\CS2103\main\Jarvis\Jarvis\Debug\link.26756.write.1.tlog
C:\Users\vatsala\Desktop\Yr2Sem2\CS2103\main\Jarvis\Jarvis\Debug\link.964-cvtres.read.1.tlog
C:\Users\vatsala\Desktop\Yr2Sem2\CS2103\main\Jarvis\Jarvis\Debug\link.964-cvtres.write.1.tlog
C:\Users\vatsala\Desktop\Yr2Sem2\CS2103\main\Jarvis\Jarvis\Debug\link.964-rc.read.1.tlog
C:\Users\vatsala\Desktop\Yr2Sem2\CS2103\main\Jarvis\Jarvis\Debug\link.964-rc.write.1.tlog
C:\Users\vatsala\Desktop\Yr2Sem2\CS2103\main\Jarvis\Jarvis\Debug\link.964.read.1.tlog
C:\Users\vatsala\Desktop\Yr2Sem2\CS2103\main\Jarvis\Jarvis\Debug\link.964.write.1.tlog
C:\Users\vatsala\Desktop\Yr2Sem2\CS2103\main\Jarvis\Jarvis\Debug\link.command.1.tlog
C:\Users\vatsala\Desktop\Yr2Sem2\CS2103\main\Jarvis\Jarvis\Debug\link.read.1.tlog
C:\Users\vatsala\Desktop\Yr2Sem2\CS2103\main\Jarvis\Jarvis\Debug\link.write.1.tlog
C:\Users\vatsala\Desktop\Yr2Sem2\CS2103\main\Jarvis\Jarvis\Debug\vc110.idb
C:\Users\vatsala\Desktop\Yr2Sem2\CS2103\main\Jarvis\Jarvis\Debug\vc110.pdb
C:\Users\vatsala\Desktop\Yr2Sem2\CS2103\main\Jarvis\Debug\Jarvis.pdb
