Build started 3/9/2015 11:35:51 AM.
     1>Project "C:\Users\zann\Desktop\main\Jarvis\Jarvis\Jarvis.vcxproj" on node 2 (Build target(s)).
       Project file contains ToolsVersion="12.0". This toolset may be unknown or missing, in which case you may be able to resolve this by installing the appropriate version of MSBuild, or the build may have been forced to a particular ToolsVersion for policy reasons. Treating the project as if it had ToolsVersion="4.0". For more information, please see http://go.microsoft.com/fwlink/?LinkId=291333.
     1>ClCompile:
         C:\Program Files (x86)\Microsoft Visual Studio 11.0\VC\bin\CL.exe /c /ZI /nologo /W3 /WX- /Od /Oy- /D _MBCS /Gm /EHsc /RTC1 /MDd /GS /fp:precise /Zc:wchar_t /Zc:forScope /Fo"Debug\\" /Fd"Debug\vc110.pdb" /Gd /TP /analyze- /errorReport:prompt ..\..\parser.cpp Logic.cpp
         Logic.cpp
     1>c:\program files (x86)\windows kits\8.0\include\um\parser.h(57): error C2236: unexpected token 'class'. Did you forget a ';'?
     1>c:\program files (x86)\windows kits\8.0\include\um\parser.h(57): error C2143: syntax error : missing ';' before '{'
     1>c:\program files (x86)\windows kits\8.0\include\um\parser.h(57): error C2447: '{' : missing function header (old-style formal list?)
     1>c:\program files (x86)\windows kits\8.0\include\um\parser.h(94): error C2143: syntax error : missing ';' before '*'
     1>c:\program files (x86)\windows kits\8.0\include\um\parser.h(94): error C4430: missing type specifier - int assumed. Note: C++ does not support default-int
     1>c:\program files (x86)\windows kits\8.0\include\um\parser.h(109): error C2146: syntax error : missing ';' before identifier 'AddTail'
     1>c:\program files (x86)\windows kits\8.0\include\um\parser.h(109): error C4430: missing type specifier - int assumed. Note: C++ does not support default-int
     1>c:\program files (x86)\windows kits\8.0\include\um\parser.h(109): error C2061: syntax error : identifier 'CHAR'
     1>c:\program files (x86)\windows kits\8.0\include\um\parser.h(109): warning C4183: 'AddTail': missing return type; assumed to be a member function returning 'int'
     1>c:\program files (x86)\windows kits\8.0\include\um\parser.h(110): error C2146: syntax error : missing ';' before identifier 'GetTail'
     1>c:\program files (x86)\windows kits\8.0\include\um\parser.h(110): error C4430: missing type specifier - int assumed. Note: C++ does not support default-int
     1>c:\program files (x86)\windows kits\8.0\include\um\parser.h(110): error C2061: syntax error : identifier 'PZPSTR'
     1>c:\program files (x86)\windows kits\8.0\include\um\parser.h(110): warning C4183: 'GetTail': missing return type; assumed to be a member function returning 'int'
     1>c:\users\zann\desktop\main\jarvis\jarvis\storage.h(1): fatal error C1021: invalid preprocessor command 'ifne'
         parser.cpp
     1>c:\users\zann\desktop\main\parser.h(27): error C2143: syntax error : missing ';' before '<'
     1>c:\users\zann\desktop\main\parser.h(27): error C4430: missing type specifier - int assumed. Note: C++ does not support default-int
     1>c:\users\zann\desktop\main\parser.h(27): error C2238: unexpected token(s) preceding ';'
     1>c:\users\zann\desktop\main\parser.cpp(104): fatal error C1004: unexpected end-of-file found
         Generating Code...
     1>Done Building Project "C:\Users\zann\Desktop\main\Jarvis\Jarvis\Jarvis.vcxproj" (Build target(s)) -- FAILED.

Build FAILED.

Time Elapsed 00:00:01.79
